
=== Sun Jun 23 03:52:04 2019

Packages were changed.
Update Mode: mergeDefaultDependencies

The following packages were updated:
  com.unity.analytics from version 3.2.2 to 3.3.2
  com.unity.collab-proxy from version 1.2.9 to 1.2.16
  com.unity.package-manager-ui from version 2.1.1 to 2.1.2
  com.unity.purchasing from version 2.0.1 to 2.0.6
  com.unity.textmeshpro from version 1.3.0 to 2.0.1
  com.unity.timeline from version 0.0.0-builtin to 1.0.0

=== Wed Feb 19 23:43:33 2020

Packages were changed.
Update Mode: updateDependencies

The following packages were added:
  com.unity.2d.sprite@1.0.0
  com.unity.2d.tilemap@1.0.0
  com.unity.ide.rider@1.1.4
  com.unity.ide.vscode@1.1.4
  com.unity.modules.androidjni@1.0.0
  com.unity.test-framework@1.1.11
  com.unity.ugui@1.0.0
The following packages were updated:
  com.unity.2d.pixel-perfect from version 1.0.1-preview to 2.0.4
  com.unity.postprocessing from version 2.1.7 to 2.3.0
  com.unity.timeline from version 1.0.0 to 1.2.10
The following packages were removed:
  com.unity.package-manager-ui@2.1.2

=== Sat Aug 22 13:49:49 2020

Packages were changed.
Update Mode: updateDependencies

The following packages were added:
  com.unity.ide.visualstudio@2.0.2
The following packages were updated:
  com.unity.2d.common from version 2.0.2 to 3.0.0
  com.unity.2d.pixel-perfect from version 2.0.4 to 3.0.2
  com.unity.ide.rider from version 1.1.4 to 1.2.1
  com.unity.inputsystem from version 1.0.0-preview.6 to 1.0.0
  com.unity.render-pipelines.universal from version 7.1.8 to 8.2.0
  com.unity.test-framework from version 1.1.11 to 1.1.16

=== Wed Jan 13 01:17:24 2021

Packages were changed.
Update Mode: updateDependencies

The following packages were updated:
  com.unity.2d.common from version 3.0.0 to 4.0.2
  com.unity.2d.pixel-perfect from version 3.0.2 to 4.0.1
  com.unity.ide.rider from version 1.2.1 to 2.0.7
  com.unity.ide.visualstudio from version 2.0.2 to 2.0.5
  com.unity.inputsystem from version 1.0.0 to 1.0.1
  com.unity.render-pipelines.universal from version 8.2.0 to 10.2.2
  com.unity.test-framework from version 1.1.16 to 1.1.19

=== Sun Feb 27 15:14:43 2022

Packages were changed.
Update Mode: updateDependencies

The following packages were updated:
  com.unity.ide.visualstudio from version 2.0.5 to 2.0.12
  com.unity.inputsystem from version 1.0.1 to 1.2.0
  com.unity.render-pipelines.universal from version 10.2.2 to 10.7.0
  com.unity.test-framework from version 1.1.20 to 1.1.29
  com.unity.timeline from version 1.4.5 to 1.4.8

=== Mon Mar 21 14:17:20 2022

Packages were changed.
Update Mode: updateDependencies

The following packages were updated:
  com.unity.2d.common from version 4.0.4 to 6.0.3
  com.unity.2d.pixel-perfect from version 4.0.1 to 5.0.1
  com.unity.cinemachine from version 2.6.11 to 2.8.4
  com.unity.ide.rider from version 2.0.7 to 3.0.12
  com.unity.inputsystem from version 1.2.0 to 1.3.0
  com.unity.render-pipelines.universal from version 10.7.0 to 12.1.6
  com.unity.timeline from version 1.4.8 to 1.6.4

=== Mon Jun  6 11:59:28 2022

Packages were changed.
Update Mode: updateDependencies

The following packages were updated:
  com.unity.ide.rider from version 3.0.12 to 3.0.14
  com.unity.ide.visualstudio from version 2.0.14 to 2.0.15
  com.unity.postprocessing from version 3.2.1 to 3.2.2
